1639296305690:help
1639296316016:-l q
1639296337130:l qwe
1639296354225:p
1639296459180:l 123
1639296463307:pub
1639297652620:l as
1639297655873:t
1639297660570:a
1639297669547:a --1 --2
1639297713102:-a
1639297715860:-l a
1639297719819:l 2
1639297723272:a
1639297734940:t
1639297741141:a --1 --2
1639297748792:a 1 2
1639297758898:a 1,2
1639297795314:l 33
1639297800405:a 2 3
1639298369849:l asd
1639298372124:t
1639298379712:a 1 1
1639300051109:login asdasdasd
1639300057630:test
1639300067026:a 1 1
1639300113820:l
1639389666230:2
1639389670067:l 123
1639389672181:t
1639392479735:l
1639392482436:t
1639392512501:l
1639392513805:t
1639419932617:l
1639419934815:t
1639419976833:l
1639419978173:t
1639420370852:l
1639420373587:t
1639424538747:l
1639424542389:a 1 1
1639425742158:l
1639425744696:t
1639425904447:l
1639425906243:t
1639425996355:l
1639425999578:t
1639426003255:a 1 1
1639427267402:l
1639427272577:help
1639427283869:test
1639427289826:a 1 1
1639428520953:l
1639428522834:2112
1639428526898:test
1639428533169:ans 1 1
1639428537458:a 2 1
1639462639306:l
1639462640756:t
1639462655197:help
1639462661246:stacktrace
1639462709489:l
1639462710992:t
1639462724491:stacktrace
1639462789606:l
1639462790386:t
1639462807610:l
1639462809143:t
1639462950922:l
1639462951978:t
1639462997926:l
1639462998280:t
1639463096039:l
1639463096863:t
1639463108699:l
1639463109875:t
1639463180104:l
1639463180528:t
1639463209934:l
1639463210506:t
1639463242280:l
1639463243483:t
1639463248196:a 1 2
1639463646795:д
1639463648368:l
1639463649554:t
1639464430234:l
1639464430658:t
1639464432925:a 2 1
1639464607984:l
1639464608886:t
1639464612072:a 2 4
1639464971234:l
1639464972514:t
1639464979216:a 1 1
1639465058944:l
1639465060432:t
1639465068569:stacktrace
1639465351379:l asdasd
1639465354487:t
1639465357678:a 1 1
1639837396751:l
1639837472081:getById 1
1639837514704:l
1639837517850:g 1
1639862104181:l
1639862107826:all
1639862116909:stacktrace
1639862162215:getById 2
1639862201015:ins 2
1639862332929:l
1639862341532:ins 1 qwerty
1639862355893:ins 3 qwerty
1639863296488:l
1639863303890:getById 1
1639863331502:all
1639863376057:l
1639863378630:all
1639863398056:l
1639863400416:all
1639863473818:l
1639863476354:all
1639863977726:l
1639863981807:c
1639863993080:l 123
1639863995554:c
1639864016338:stacktrace
1639864074970:l 123
1639864076634:c
1639864079242:all
1639864119728:g 1
1639864125575:help
1639864148758:l
1639864151433:132
1639864153137:c
1639864210713:stacktrace
1639864249249:l d
1639864251502:c
1639864259319:all
1639864275638:d 1
1639864284696:stacktrace
1639864291643:del 1
1639864294772:all
1639864301782:del 2
1639864303626:all
1639864307866:count
1639864325838:ins 1 The Davichi Code
1639864341510:ins 1 Code
1639884331580:l 1
1639884333417:all
1639902948120:login asdfasdfasdfa
1639902951231:all
1639902956365:getById
1639902959233:help
1639902995812:ins 3 HaHaHa
1639903006094:del 3
1639903009250:all
1639919085839:l
1639919088375:all
1639919114539:l a
1639919116556:all
1639919138332:stacktrace
1639920214530:д
1639920216444:l
1639920218868:all
1639920224169:stacktrace
1639920571367:l
1639920573336:all
1639920600515:l
1639920602403:all
1640011508603:l 1
1640011510541:all
1640011515843:stactrace
1640011520696:stacktrace
1640011527113:all
1640011530112:stacktrace
1640012545191:l 1
1640012546873:all
1640026052815:l 1
1640026054865:all
1640026464360:l
1640026466065:all
1640026519350:l
1640026527176:help
1640026582636:l
1640026585411:all
1640026588049:del 1
1640026590723:all
1640026669012:l
1640026670249:all
1640026674040:del 1
1640026676076:all
1640028637254:l
1640028639292:all
1640028644775:help
1640028649902:get 1
1640028661698:get
1640028670165:get 1
1640028676433:stacktrace
1640028703198:get o
1640028838962:l
1640028842270:get 1
1640028851877:get 4
1640028859494:get 1
1640028865122:stacktrace
1640032512207:l
1640032516131:get 1
1640032522663:stacktrace
1640032855315:l
1640032856115:c
1640032910973:l
1640032911698:c
1640032913033:all
1640032915740:get 1
1640032954305:l
1640032956942:get 1
1640033041234:l
1640033043434:get 1
1640033074278:l
1640033076653:get 1
1640033093871:l
1640033095743:get 1
1640033148941:l
1640033152903:get 1
1640033213012:l
1640033214784:get 1
1640033415666:l
1640033416930:all
1640033421294:get 1
1640033500488:l
1640033514259:ins 3 Qwerty
1640033527215:all
1640034198672:l
1640034200376:all
1640034247751:l
1640034248560:all
1640034386261:l
1640034387584:all
1640034582150:l
1640034583383:all
1640034620272:l
1640034621237:all
1640034679348:l
1640034680234:all
1640034774517:l
1640034777825:get 1
1640034818119:l
1640034820085:get 1
1640034825266:alll
1640034826747:all
1640034830688:del 3
1640034833080:del 2
1640034834237:all
1640034859163:l
1640034861016:del 3
1640034863205:all
1640034870091:del 1
1640034871124:all
1640034969660:l
1640034970447:all
1640034973284:get 1
1640034985451:ins 4 bla-bla-bla
1640034987904:all
1640034993888:del 1
1640034996425:del 4
1640035000102:del 3
1640035002339:all
1640036088356:l
1640036089706:all
1640036105152:ins 1 book
1640036107974:all
1640036140337:ins trreeeeeeeeeeeeeeeeeeeeeeeeeee
1640036148787:stacktrace
1640036222341:l
1640036223878:all
1640036231118:ins asd
1640036246376:all
1640036315800:l
1640036335992:compuer since
1640036339684:ins com
1640036346886:all
1640036536851:l
1640036537917:all
1640036539459:get 1
1640036710113:l God
1640036712066:all
1640036720267:ins God is fail
1640036731928:ins god
1640036734119:all
1640036743385:get 3
1640036774198:c
1640036785125:get 2
1640036805393:stacktrace
1640036869894:all
1640036910995:l
1640036913463:get 2
1640036953268:all
1640036954191:l
1640036955247:all
1640036958342:get 1
1640036961705:get 2
1640037029421:l
1640037030424:all
1640037033261:get 1
1640037036239:get 2
1640037068617:stacktrace
1640037244771:l
1640037245858:all
1640037249066:get 1
1640037252226:get 2
1640037305013:all
1640037306850:l
1640037307652:all
1640037310058:get 2
1640037338558:all
1640037340124:l
1640037341264:all
1640037343439:get 2
1640037347347:get 1
1640037486588:l
1640037488013:all
1640037490882:get 2
1640037493959:ins God
1640037498901:get 3
1640037506804:del 3
1640037508925:all
1640037511245:get 3
1640037513557:all
1640037516628:get 2
1640037519317:count
1640094955555:l
1640094956619:all
1640095137912:l
1640095138914:all
1640095192083:l
1640095193086:all
1640095292508:l
1640095294252:all
1640095298596:get 1
1640095331002:l
1640095332929:get 1
1640095408273:l
1640095409198:all
1640095414280:get 1
1640095416679:del 1
1640095444431:stacktrace
1640095488765:l
1640095490037:all
1640095492931:del 1
1640095496240:get 1
1640095497543:all
1640098428793:l
1640098429317:c
1640098430921:all
1640098443238:stacktrace
1640098515762:l
1640098516628:all
1640098519418:get 1
1640098524900:del 1
1640098543428:ins God Smith Roman
1640098546033:all
1640098894373:l
1640098895323:all
1640098900355:ins 1 2 3
1640098902660:all
1640098906284:del 3
1640098907570:all
1640098914950:c
1640098918194:del 2
1640098922511:get 1
1640099385425:l
1640099386243:all
1640099390369:get 1
1640099393345:get 2
1640100466007:l
1640100466782:all
1640100480834:getById 2
1640100491459:del 2
1640100493178:all
1640202046232:l
1640202047429:all
1640202056575:stacktrace
1640202136940:l
1640202137657:all
1640202178491:stacktrace
1640202308848:l
1640202309638:all
1640202377094:stacktrace
1640202479604:l
1640202480496:all
1640202537049:stacktrace
1640202597930:l
1640202598968:all
1640202726289:l
1640202727022:all
1640202806302:l
1640202807247:all
1640202840899:stacktrace
1640202882569:l
1640202883279:all
1640202911661:l
1640202912283:all
1640202962955:stacktrace
1640203013062:l
1640203013997:all
1640203072942:l
1640203074141:all
1640203321283:l
1640203321960:all
1640203357867:stacktrace
1640203731862:l
1640203732572:all
1640203819759:l
1640203820476:all
1640203884871:l
1640203885786:all
1640204045248:l
1640204045939:all
1640204964056:l
1640204964842:all
1640205033794:l
1640205034550:all
1640205053266:l
1640205053967:all
1640205058947:stacktrace
1640205207920:l
1640205208522:all
1640205361931:l
1640205362561:all
1640205412175:l
1640205412761:all
1640205443716:l
1640205444386:all
1640205470892:l
1640205471942:all
1640205493254:l
1640205493887:all
1640205542459:l
1640205543145:all
1640205579886:l
1640205580560:all
1640205640230:l
1640205640901:all
1640205678563:l
1640205679164:all
1640205806682:l
1640205807397:all
1640205831897:l
1640205832565:all
1640205877536:l
1640205878315:all
1640205895842:l
1640205896444:all
1640205919495:l
1640205920199:all
1640205947206:l
1640205947838:all
1640205965799:l
1640205966432:all
1640205985267:l
1640205985968:all
1640206057749:l
1640206058302:all
1640206120836:l
1640206121553:all
1640206207352:l
1640206208059:all
1640206252090:l
1640206252801:all
1640206339625:l
1640206340273:all
1640206479399:l
1640206480227:all
1640206505590:l
1640206506267:all
1640207057480:l
1640207058198:all
1640207219344:l
1640207221387:all
1640207685697:l
1640207687537:all
1640207750607:l
1640207752207:all
1640208103015:l
1640208103786:all
1640208153905:l
1640208155806:all
1640208174165:l
1640208175952:all
1640208179595:del 1
1640208181735:all
1640208232575:l
1640208233255:all
1640208235187:get 1
1640208248006:c
1640208253285:del 1
1640208254505:c
1640208355534:l
1640208358185:del 1
1640208359558:all
1640208362675:del 2
1640208363815:all
1640208365495:c
1640209212992:l
1640209214709:all
1640209235002:l
1640209236732:all
1640209312740:l
1640209314601:all
1640209359011:l
1640209360001:all
1640209381593:l
1640209383291:all
1640209512891:l
1640209514921:all
1640209641180:l
1640209653290:all
1640210076419:l
1640210081059:all
1640210226218:l
1640210227184:all
1640210233518:ins 1 2 3
1640210294178:l
1640210295028:all
1640210299138:ins 1 2 3
1640210301028:all
1640306271944:l
1640306276170:all
1640306283872:stacktrace
1640353786314:l
1640353788805:all
1640353833500:l
1640353836053:all
1640354484618:l
1640354486625:all
1640354511642:l
1640354513678:all
1640354536772:stacktrace
1640354618734:l
1640354619967:c
1640354649660:stacktrace
1640354731041:l
1640354736055:c
1640354881038:l
1640354882257:c
1640354943898:l
1640354945149:c
1640355399013:l
1640355400236:c
1640355481028:l
1640355483248:c
1640355581755:д
1640355584125:l
1640355585946:all
1640355781604:stacktrace
1640509136604:l
1640509137721:all
1640509140881:getA 1
1640509158018:stacktrace
1640509176188:help
1640552197762:l
1640552200154:all
1640552213357:stacktrace
1640552346237:l
1640552347140:all
1640552391292:c
1640552397792:get 1
1640552876575:l
1640552877432:c
1640553191442:help
1640553196602:get 1
1640553199546:l
1640553204421:get 1
1640553712249:l
1640553725628:fbt Angels and Demons
1640553749199:fbt Angels
1640553923160:l
1640553924246:all
1640553964051:l
1640553964991:all
1640553979606:stacktrace
1640557159892:д
1640557162541:l
1640557163322:all
1640557331175:l
1640557332342:all
1640557461041:l
1640557461990:all
1640557571358:l
1640557572074:all
1640557584700:stacktrace
1640557644706:l
1640557645540:all
1640557734004:l
1640557734652:all
1640557757272:l
1640557758012:all
1640557929225:l
1640557930080:all
1640557938278:stacktrace
1640557967379:l
1640557968027:all
1640557974948:stacktrace
1640558115716:l
1640558118021:all
1640558416775:l
1640558417438:all
1640558651214:l
1640558652754:all
1640558691617:l
1640558692782:all
1640558704635:stacktrace
1640558768034:l
1640558768889:all
1640571371022:l
1640571371824:all
1640571385105:fbt 1
1640571418571:fbt Angels and Demons
1640571428510:fbt AngelsandDemons
1640571452185:l
1640571455756:fbt Angels_and_Demons
1640571578649:l
1640571583902:all
1640571599226:fbt Angels_and_Demons
1640571741760:l
1640571743406:del 1
1640571746582:all
1640571766177:get 1
1640571801920:get 2
1640571807195:all
1640571812109:get 2
1640571847702:l
1640571848873:all
1640571851860:get 1
1640572223807:l
1640572231447:ins 1 1 1 asd
1640572242722:s 1 1 1 asd
1640572245982:all
1640576880816:lq
1640576895453:l
1640576896857:lq
1640579072173:all
1640579076738:l
1640579114482:all
1640579212153:l
1640579214274:all
1640579489534:l
1640579490673:all
1640580029279:l f
1640580032312:all
1640583260768:l g
1640583268593:allC
1640583272538:allB
1640583279072:get 1
1640583288038:getA 1
1640583293768:getB 1
1640583307306:getC 1
1640583355228:insB 1 1 a
1640583361747:help
1640583377287:sB 1 1 asd
1640583386497:sB asd
1640583404163:sB 1 1 1 asd
1640583406317:all
1640583409697:allB
1640583709766:l a
1640583723466:sB 1 1 1 book
1640583727336:all
1640583730382:allB
1640584806443:getC 1
1640584810403:getB 1
1640645218705:l
1640645222067:allB
1640645228489:getB 1
1640645272485:stacktrace
1640651358941:l
1640651361007:allB
1640651363295:get 1
1640651369035:getB 1
1640651374451:getC 1
1640651378340:getB 1
1640651384210:getA 1
1640651391676:help
1640651422901:cC
1640651426066:cB
1640651428755:allB
1640651431979:getB 1
1640711628394:l
1640711632570:getB 1
1640711779383:stacktrace
1640712050461:д
1640712052021:l
1640712055570:getB 1
1640712256799:д
1640712258035:l
1640712261059:getB 1
1640718594486:l
1640718600186:help
1640718609214:allB
1640718615607:allC
1640718619673:getC 1
1640718626556:getB 1
1640718631307:stacktrace
1640721225002:l
1640721226172:all
1640721232859:getB 1
1640788899208:l
1640788901151:all
1640788903419:allB
1640788908045:getB 1
1640790373689:l
1640790376022:allB
1640790378136:getB
1640790382185:getB 1
1640790751653:getC 1
1640797570020:l
1640797580165:fct Angels_and_Demons
1640797589766:stacktrace
1640797618401:fbt Angels_and_Demons
1641029714379:l
1641029719657:help
1641029741852:allB
1641029758874:get 1
1641029762145:getB 1
1641029769348:delB 1
1641029780593:allC
1641547829920:l asl
1641547835641:allB
1641547837999:allC
1641547919312:l
1641547921131:allB
1641547923136:allC
1641548066618:l
1641548068690:allB
1641548074169:allC
1641548111150:l
1641548112838:allB
1641913518177:l
1641913525879:allB
1641913528367:allC
1641915279633:login 231312312312
1641915311106:allBook
1641915313161:allB
1641915381360:l
1641915383752:allB
1642179725674:l
1642179727354:allB
1642179730490:getB 1
1642179733968:stacktrace
1642179736774:help
1642524957154:l
1642524966550:getAllBooks
1642524972488:getB 1
1642524979724:getAllB
1642524990716:allBooks
1642524997152:countBook
1642525014914:findBookByTitle "The Da Vinci Code"
1642525099948:getC 1
1642525102860:getB 1
1642525109617:stacktrace
1642534866809:l
1642535484049:allB
1642535488440:getB 1
1642536022267:l
1642536238296:allB
1642536241370:getB 1
1642536270023:l
1642536272451:getB 1
1642536397386:l
1642536401370:getB 1
1642536428920:l
1642536431454:getB 1
1642573913925:l
1642573917027:getB 1
1642573961173:l
1642573963353:allB
1642573965798:getB 1
1642573971031:stacktrace
1642574039587:l
1642574041990:getB 1
1642574054179:stacktrace
1642574269735:l
1642574272485:getB 1
1642574450240:l
1642574452527:getB 1
1642574464633:stacktrace
1642574535140:l
1642574537705:getB 1
1642574566312:l
1642574569264:getB 1
1642574643119:l
1642574645840:getB 1
1642574683562:l
1642574686144:getB 1
1642574786738:l
1642574790234:getB 1
1642574798451:saveB 1 1 1 Title
1642574802247:allB
1642577807011:l
1642577818750:countBook
1642577826153:getBookById 1
1642577832298:allBooks
1642577846700:findBookByTitle "Angels and Demons"
1642577866432:saveBookB 1 1 1 NewBook
1642577871605:allB
1642577882818:deleteBook 1
1642577885205:allB
1642577964896:l
1642577967926:getB 1
1642577971621:allB
1642578662526:l
1642578671105:countComment
1642578675453:getCommentById 1
1642578685252:allComments
1642578692568:getCommentById 2
1642578695333:getCommentById 0
1642578698993:getCommentById 10
1642578716446:findCommentByText "Good book"
1642578732253:saveComment 213123
1642578735327:allC
1642578750312:deleteComment 1
1642578752374:allC
1642578760523:getC 1
1642578863676:l
1642578866593:getC 1
1642578869970:getC 2
1642578873410:getC 3
1642578878370:stacktrace
1642579273187:l
1642579282270:upB 1 rrrrr
1642579285213:allB
1642579419577:l
1642579425097:upC 1 qqq
1642579426721:allC
1642593512364:l
1642593547196:findCommentByText "Good Book"
1642593557099:stacktrace
1642593577150:fct "\n"
1642593593523:fct "The best book"
1642599673478:l
1642599675033:allB
